<?xml version="1.0" encoding="UTF-8"?>
<testsuite name="Chrome_PasswordReset"
           tests="3"
           failures="0"
           errors="0"
           skipped="0"
           time="7.418">
  <properties />
  
  
            <testcase name="openSignInPopUp" time="3.035" classname="scenarios.PasswordReset" />
                <testcase name="resetPassword" time="0.857" classname="scenarios.PasswordReset" />
                <testcase name="openForgotPasswordPopUp" time="3.526" classname="scenarios.PasswordReset" />
      
</testsuite>
